2025-05-18 17:10:34 - INFO - Summary of bugs identified in the crash samples:
2025-05-18 17:10:34 - INFO - Count: 201    ID: 8ed.260      Function: DpRegion::And                            Library: gdiplus.dll
2025-05-18 17:10:34 - INFO - Count: 200    ID: db3.f44      Function: Div64_Asm                                Library: gdiplus.dll
2025-05-18 17:10:34 - INFO - Count: 200    ID: 0e5.7fb      Function: EmfEnumState::ExtCreatePen               Library: gdiplus.dll
2025-05-18 17:10:34 - INFO - Count: 199    ID: f33.8ed      Function: DpRegion::Set                            Library: gdiplus.dll
2025-05-18 17:10:34 - INFO - Count: 198    ID: d05.7fb      Function: EmfEnumState::CreatePen                  Library: gdiplus.dll
2025-05-18 17:10:34 - INFO - Count: 197    ID: efe.7fb      Function: EmfEnumState::ExtCreateFontIndirect      Library: gdiplus.dll
2025-05-18 17:10:34 - INFO - Count: 197    ID: eb3.7fb      Function: EmfEnumState::Rectangle                  Library: gdiplus.dll
2025-05-18 17:10:34 - INFO - Count: 82     ID: cbf.7fb      Function: EmfEnumState::CreateDibPatternBrushPt    Library: gdiplus.dll
2025-05-18 17:10:34 - INFO - Count: 59     ID: 2b1.cf1      Function: CreateFontIndirectWImpl                  Library: gdi32full.dll
2025-05-18 17:10:34 - INFO - Count: 47     ID: 358.587      Function: MRRESIZEPALETTE::bPlay                   Library: gdi32full.dll
2025-05-18 17:10:34 - INFO - Count: 39     ID: 3ce.9b5      Function: GpStringFormat::SetData                  Library: gdiplus.dll
2025-05-18 17:10:34 - INFO - Count: 36     ID: f33.cf7      Function: DpRegion::Set                            Library: gdiplus.dll
2025-05-18 17:10:34 - INFO - Count: 24     ID: fe8.b17      Function: MfEnumState::ModifyDib                   Library: gdiplus.dll
2025-05-18 17:10:34 - INFO - Count: 6      ID: bba.7fb      Function: EmfEnumState::ModifyRecordColor          Library: gdiplus.dll
2025-05-18 17:10:34 - INFO - Count: 6      ID: 6b3.d8d      Function: StretchDIBitsImpl                        Library: gdi32full.dll
2025-05-18 17:10:34 - INFO - Count: 4      ID: 999.7fb      Function: EmfEnumState::SetROP2                    Library: gdiplus.dll
2025-05-18 17:10:34 - INFO - Count: 3      ID: 9e2.372      Function: FullTextImager::Render                   Library: gdiplus.dll
2025-05-18 17:10:34 - INFO - Count: 2      ID: 9f7.7fb      Function: EmfEnumState::SelectObject               Library: gdiplus.dll
2025-05-18 17:10:34 - INFO - Count: 1      ID: 5ab.a57      Function: CopyGindices                             Library: gdiplus.dll
2025-05-18 17:10:34 - INFO - Count: 1      ID: 1ce.77d      Function: DrawImagePointsEPR::Play                 Library: gdiplus.dll
